<?xml version="1.0" encoding="UTF-8"?>
<!-- Generated by org.testng.reporters.JUnitXMLReporter -->
<testsuite hostname="LP-CNU3099WJB" ignored="0" name="ChromeTest" tests="3" failures="0" timestamp="25 Dec 2019 09:57:24 GMT" time="88.342" errors="0">
  <testcase name="Sign_On" time="29.937" classname="com.mercury.tours.CrossBrowser_Testing"/>
  <testcase name="Sign_On" time="24.696" classname="com.mercury.tours.CrossBrowser_Testing"/>
  <testcase name="Sign_On" time="24.389" classname="com.mercury.tours.CrossBrowser_Testing"/>
</testsuite> <!-- ChromeTest -->
