<?xml version="1.0" encoding="UTF-8"?>
<!-- Generated by org.testng.reporters.JUnitXMLReporter -->
<testsuite hostname="LP-CNU3099WJB" ignored="0" name="Test1" tests="4" failures="0" timestamp="25 Dec 2019 10:50:21 GMT" time="90.383" errors="0">
  <testcase name="f" time="0.006" classname="com.mercury.tours.BatchExecution_Smoke"/>
  <testcase name="Sign_On" time="10.395" classname="com.mercury.tours.ActionClass_Drag_Drop"/>
  <testcase name="Sign_On" time="9.5" classname="com.mercury.tours.ActionClass_Mouse_Over"/>
  <testcase name="Sign_On" time="9.503" classname="com.mercury.tours.Netbanking_Textbox"/>
</testsuite> <!-- Test1 -->
